{"timestamp":"2026-03-14T08:03:10.944095Z","level":"info","event":"Stats instance was created in PID 7 but accessed in PID 1319. Re-initializing.","logger":"airflow.stats","filename":"stats.py","lineno":57}
{"timestamp":"2026-03-14T08:03:11.561709Z","level":"info","event":"DAG bundles loaded: dags-folder, example_dags","logger":"airflow.dag_processing.bundles.manager.DagBundlesManager","filename":"manager.py","lineno":179}
{"timestamp":"2026-03-14T08:03:11.562965Z","level":"info","event":"Filling up the DagBag from /opt/airflow/dags/taxi_dag.py","logger":"airflow.models.dagbag.BundleDagBag","filename":"dagbag.py","lineno":593}
{"timestamp":"2026-03-14T08:03:11.593648Z","level":"info","event":"Task instance is in running state","logger":"task.stdout"}
{"timestamp":"2026-03-14T08:03:11.594221Z","level":"info","event":" Previous state of the Task instance: TaskInstanceState.QUEUED","logger":"task.stdout"}
{"timestamp":"2026-03-14T08:03:11.594945Z","level":"info","event":"Current task name:clean_taxi_data","logger":"task.stdout"}
{"timestamp":"2026-03-14T08:03:11.596208Z","level":"info","event":"Dag name:nyc_taxi_pipeline","logger":"task.stdout"}
{"timestamp":"2026-03-14T08:03:11.604668Z","level":"info","event":"Reading file from: /tmp/nyc_taxi_raw.csv","logger":"unusual_prefix_d702c0897371eb7d4e2d4218ec5c8f56c4a3fe1d_taxi_dag","filename":"taxi_dag.py","lineno":51}
{"timestamp":"2026-03-14T08:03:23.207570Z","level":"warning","event":"Columns (5) have mixed types. Specify dtype option on import or set low_memory=False.","category":"DtypeWarning","filename":"/opt/airflow/dags/taxi_dag.py","lineno":53,"logger":"py.warnings"}
{"timestamp":"2026-03-14T08:03:23.827491Z","level":"info","event":"Loaded 1457934 rows","logger":"unusual_prefix_d702c0897371eb7d4e2d4218ec5c8f56c4a3fe1d_taxi_dag","filename":"taxi_dag.py","lineno":55}
{"timestamp":"2026-03-14T08:03:24.239703Z","level":"info","event":"Removed 3123 rows by fare_amount","logger":"unusual_prefix_d702c0897371eb7d4e2d4218ec5c8f56c4a3fe1d_taxi_dag","filename":"taxi_dag.py","lineno":59}
{"timestamp":"2026-03-14T08:03:24.366946Z","level":"info","event":"Removed 12035 rows by trip_distance","logger":"unusual_prefix_d702c0897371eb7d4e2d4218ec5c8f56c4a3fe1d_taxi_dag","filename":"taxi_dag.py","lineno":63}
{"timestamp":"2026-03-14T08:03:24.368505Z","level":"warning","event":"Coordinate columns not found, skipping. Available: ['vendorid', 'tpep_pickup_datetime', 'tpep_dropoff_datetime', 'passenger_count', 'trip_distance', 'ratecodeid', 'store_and_fwd_flag', 'pulocationid', 'dolocationid', 'payment_type', 'fare_amount', 'extra', 'mta_tax', 'tip_amount', 'tolls_amount', 'improvement_surcharge', 'total_amount', 'congestion_surcharge']","logger":"unusual_prefix_d702c0897371eb7d4e2d4218ec5c8f56c4a3fe1d_taxi_dag","filename":"taxi_dag.py","lineno":76}
{"timestamp":"2026-03-14T08:03:24.533444Z","level":"info","event":"Removed 0 rows by null values","logger":"unusual_prefix_d702c0897371eb7d4e2d4218ec5c8f56c4a3fe1d_taxi_dag","filename":"taxi_dag.py","lineno":80}
{"timestamp":"2026-03-14T08:04:31.220560Z","level":"info","event":"Parsed tpep_pickup_datetime as datetime","logger":"unusual_prefix_d702c0897371eb7d4e2d4218ec5c8f56c4a3fe1d_taxi_dag","filename":"taxi_dag.py","lineno":83}
{"timestamp":"2026-03-14T08:04:45.904412Z","level":"info","event":"Saved 1442776 clean rows to /tmp/nyc_taxi_clean.csv","logger":"unusual_prefix_d702c0897371eb7d4e2d4218ec5c8f56c4a3fe1d_taxi_dag","filename":"taxi_dag.py","lineno":87}
{"timestamp":"2026-03-14T08:04:45.904621Z","level":"info","event":"Total removed: 15158 rows","logger":"unusual_prefix_d702c0897371eb7d4e2d4218ec5c8f56c4a3fe1d_taxi_dag","filename":"taxi_dag.py","lineno":88}
{"timestamp":"2026-03-14T08:04:45.921974Z","level":"info","event":"Pushed /tmp/nyc_taxi_clean.csv to XCom","logger":"unusual_prefix_d702c0897371eb7d4e2d4218ec5c8f56c4a3fe1d_taxi_dag","filename":"taxi_dag.py","lineno":91}
{"timestamp":"2026-03-14T08:04:45.957811Z","level":"info","event":"Done. Returned value was: None","logger":"airflow.task.operators.airflow.providers.standard.operators.python.PythonOperator","filename":"python.py","lineno":230}
{"timestamp":"2026-03-14T08:04:45.974030Z","level":"info","event":"Task instance in success state","logger":"task.stdout"}
{"timestamp":"2026-03-14T08:04:45.975066Z","level":"info","event":" Previous state of the Task instance: TaskInstanceState.RUNNING","logger":"task.stdout"}
{"timestamp":"2026-03-14T08:04:45.981383Z","level":"info","event":"Task operator:<Task(PythonOperator): clean_taxi_data>","logger":"task.stdout"}
