{"timestamp":"2026-03-14T08:30:51.128644Z","level":"info","event":"Stats instance was created in PID 7 but accessed in PID 1688. Re-initializing.","logger":"airflow.stats","filename":"stats.py","lineno":57}
{"timestamp":"2026-03-14T08:30:51.620680Z","level":"info","event":"DAG bundles loaded: dags-folder, example_dags","logger":"airflow.dag_processing.bundles.manager.DagBundlesManager","filename":"manager.py","lineno":179}
{"timestamp":"2026-03-14T08:30:51.623139Z","level":"info","event":"Filling up the DagBag from /opt/airflow/dags/taxi_dag.py","logger":"airflow.models.dagbag.BundleDagBag","filename":"dagbag.py","lineno":593}
{"timestamp":"2026-03-14T08:30:51.666205Z","level":"info","event":"Task instance is in running state","logger":"task.stdout"}
{"timestamp":"2026-03-14T08:30:51.667562Z","level":"info","event":" Previous state of the Task instance: TaskInstanceState.QUEUED","logger":"task.stdout"}
{"timestamp":"2026-03-14T08:30:51.668528Z","level":"info","event":"Current task name:transform_taxi_data","logger":"task.stdout"}
{"timestamp":"2026-03-14T08:30:51.669957Z","level":"info","event":"Dag name:nyc_taxi_pipeline","logger":"task.stdout"}
{"timestamp":"2026-03-14T08:30:51.678589Z","level":"info","event":"Reading file from: /tmp/nyc_taxi_clean.csv","logger":"unusual_prefix_d702c0897371eb7d4e2d4218ec5c8f56c4a3fe1d_taxi_dag","filename":"taxi_dag.py","lineno":101}
{"timestamp":"2026-03-14T08:31:03.066613Z","level":"info","event":"Removed 0 rows with invalid datetimes","logger":"unusual_prefix_d702c0897371eb7d4e2d4218ec5c8f56c4a3fe1d_taxi_dag","filename":"taxi_dag.py","lineno":109}
{"timestamp":"2026-03-14T08:31:03.084942Z","level":"info","event":"Computed all derived features","logger":"unusual_prefix_d702c0897371eb7d4e2d4218ec5c8f56c4a3fe1d_taxi_dag","filename":"taxi_dag.py","lineno":121}
{"timestamp":"2026-03-14T08:31:03.101940Z","level":"info","event":"Removed 1126 rows by speed/duration filter","logger":"unusual_prefix_d702c0897371eb7d4e2d4218ec5c8f56c4a3fe1d_taxi_dag","filename":"taxi_dag.py","lineno":125}
{"timestamp":"2026-03-14T08:31:06.387330Z","level":"info","event":"Saved 220543 rows to /tmp/nyc_taxi_transformed.csv","logger":"unusual_prefix_d702c0897371eb7d4e2d4218ec5c8f56c4a3fe1d_taxi_dag","filename":"taxi_dag.py","lineno":129}
{"timestamp":"2026-03-14T08:31:06.389097Z","level":"info","event":"trip_duration_minutes → mean=15.47, min=1.00, max=1439.40","logger":"unusual_prefix_d702c0897371eb7d4e2d4218ec5c8f56c4a3fe1d_taxi_dag","filename":"taxi_dag.py","lineno":132}
{"timestamp":"2026-03-14T08:31:06.390398Z","level":"info","event":"speed_mph → mean=13.14, min=0.00, max=78.00","logger":"unusual_prefix_d702c0897371eb7d4e2d4218ec5c8f56c4a3fe1d_taxi_dag","filename":"taxi_dag.py","lineno":132}
{"timestamp":"2026-03-14T08:31:06.391785Z","level":"info","event":"fare_per_mile → mean=5.81, min=0.00, max=6750.00","logger":"unusual_prefix_d702c0897371eb7d4e2d4218ec5c8f56c4a3fe1d_taxi_dag","filename":"taxi_dag.py","lineno":132}
{"timestamp":"2026-03-14T08:31:06.392292Z","level":"info","event":"pickup_hour → mean=10.73, min=0.00, max=23.00","logger":"unusual_prefix_d702c0897371eb7d4e2d4218ec5c8f56c4a3fe1d_taxi_dag","filename":"taxi_dag.py","lineno":132}
{"timestamp":"2026-03-14T08:31:06.392693Z","level":"info","event":"pickup_day_of_week → mean=5.08, min=0.00, max=6.00","logger":"unusual_prefix_d702c0897371eb7d4e2d4218ec5c8f56c4a3fe1d_taxi_dag","filename":"taxi_dag.py","lineno":132}
{"timestamp":"2026-03-14T08:31:06.406394Z","level":"info","event":"Pushed /tmp/nyc_taxi_transformed.csv to XCom","logger":"unusual_prefix_d702c0897371eb7d4e2d4218ec5c8f56c4a3fe1d_taxi_dag","filename":"taxi_dag.py","lineno":135}
{"timestamp":"2026-03-14T08:31:06.410326Z","level":"info","event":"Done. Returned value was: None","logger":"airflow.task.operators.airflow.providers.standard.operators.python.PythonOperator","filename":"python.py","lineno":230}
{"timestamp":"2026-03-14T08:31:06.426404Z","level":"info","event":"Task instance in success state","logger":"task.stdout"}
{"timestamp":"2026-03-14T08:31:06.426958Z","level":"info","event":" Previous state of the Task instance: TaskInstanceState.RUNNING","logger":"task.stdout"}
{"timestamp":"2026-03-14T08:31:06.427609Z","level":"info","event":"Task operator:<Task(PythonOperator): transform_taxi_data>","logger":"task.stdout"}
