{"timestamp":"2026-03-14T07:57:08.975892Z","level":"info","event":"Stats instance was created in PID 7 but accessed in PID 1222. Re-initializing.","logger":"airflow.stats","filename":"stats.py","lineno":57}
{"timestamp":"2026-03-14T07:57:09.304324Z","level":"info","event":"DAG bundles loaded: dags-folder, example_dags","logger":"airflow.dag_processing.bundles.manager.DagBundlesManager","filename":"manager.py","lineno":179}
{"timestamp":"2026-03-14T07:57:09.305765Z","level":"info","event":"Filling up the DagBag from /opt/airflow/dags/taxi_dag.py","logger":"airflow.models.dagbag.BundleDagBag","filename":"dagbag.py","lineno":593}
{"timestamp":"2026-03-14T07:57:09.336867Z","level":"info","event":"Task instance is in running state","logger":"task.stdout"}
{"timestamp":"2026-03-14T07:57:09.337303Z","level":"info","event":" Previous state of the Task instance: TaskInstanceState.QUEUED","logger":"task.stdout"}
{"timestamp":"2026-03-14T07:57:09.337659Z","level":"info","event":"Current task name:clean_taxi_data","logger":"task.stdout"}
{"timestamp":"2026-03-14T07:57:09.337888Z","level":"info","event":"Dag name:nyc_taxi_pipeline","logger":"task.stdout"}
{"timestamp":"2026-03-14T07:57:09.355858Z","level":"info","event":"Reading file from: /tmp/nyc_taxi_raw.csv","logger":"unusual_prefix_d702c0897371eb7d4e2d4218ec5c8f56c4a3fe1d_taxi_dag","filename":"taxi_dag.py","lineno":49}
{"timestamp":"2026-03-14T07:57:16.704220Z","level":"info","event":"Loaded 934197 rows","logger":"unusual_prefix_d702c0897371eb7d4e2d4218ec5c8f56c4a3fe1d_taxi_dag","filename":"taxi_dag.py","lineno":53}
{"timestamp":"2026-03-14T07:57:16.790191Z","level":"info","event":"Removed 1798 rows by fare_amount","logger":"unusual_prefix_d702c0897371eb7d4e2d4218ec5c8f56c4a3fe1d_taxi_dag","filename":"taxi_dag.py","lineno":57}
{"timestamp":"2026-03-14T07:57:16.858948Z","level":"info","event":"Removed 5826 rows by trip_distance","logger":"unusual_prefix_d702c0897371eb7d4e2d4218ec5c8f56c4a3fe1d_taxi_dag","filename":"taxi_dag.py","lineno":61}
{"timestamp":"2026-03-14T07:57:16.860083Z","level":"warning","event":"Coordinate columns not found, skipping. Available: ['vendorid', 'tpep_pickup_datetime', 'tpep_dropoff_datetime', 'passenger_count', 'trip_distance', 'ratecodeid', 'store_and_fwd_flag', 'pulocationid', 'dolocationid', 'payment_type', 'fare_amount', 'extra', 'mta_tax', 'tip_amount', 'tolls_amount', 'improvement_surcharge', 'total_amount', 'congestion_surcharge']","logger":"unusual_prefix_d702c0897371eb7d4e2d4218ec5c8f56c4a3fe1d_taxi_dag","filename":"taxi_dag.py","lineno":74}
{"timestamp":"2026-03-14T07:57:16.960665Z","level":"info","event":"Removed 0 rows by null values","logger":"unusual_prefix_d702c0897371eb7d4e2d4218ec5c8f56c4a3fe1d_taxi_dag","filename":"taxi_dag.py","lineno":78}
{"timestamp":"2026-03-14T07:57:56.647397Z","level":"info","event":"Parsed tpep_pickup_datetime as datetime","logger":"unusual_prefix_d702c0897371eb7d4e2d4218ec5c8f56c4a3fe1d_taxi_dag","filename":"taxi_dag.py","lineno":81}
{"timestamp":"2026-03-14T07:58:06.070933Z","level":"info","event":"Saved 926573 clean rows to /tmp/nyc_taxi_clean.csv","logger":"unusual_prefix_d702c0897371eb7d4e2d4218ec5c8f56c4a3fe1d_taxi_dag","filename":"taxi_dag.py","lineno":85}
{"timestamp":"2026-03-14T07:58:06.071109Z","level":"info","event":"Total removed: 7624 rows","logger":"unusual_prefix_d702c0897371eb7d4e2d4218ec5c8f56c4a3fe1d_taxi_dag","filename":"taxi_dag.py","lineno":86}
{"timestamp":"2026-03-14T07:58:06.098521Z","level":"info","event":"Pushed /tmp/nyc_taxi_clean.csv to XCom","logger":"unusual_prefix_d702c0897371eb7d4e2d4218ec5c8f56c4a3fe1d_taxi_dag","filename":"taxi_dag.py","lineno":89}
{"timestamp":"2026-03-14T07:58:06.116697Z","level":"info","event":"Done. Returned value was: None","logger":"airflow.task.operators.airflow.providers.standard.operators.python.PythonOperator","filename":"python.py","lineno":230}
{"timestamp":"2026-03-14T07:58:06.132481Z","level":"info","event":"Task instance in success state","logger":"task.stdout"}
{"timestamp":"2026-03-14T07:58:06.132920Z","level":"info","event":" Previous state of the Task instance: TaskInstanceState.RUNNING","logger":"task.stdout"}
{"timestamp":"2026-03-14T07:58:06.133307Z","level":"info","event":"Task operator:<Task(PythonOperator): clean_taxi_data>","logger":"task.stdout"}
