{"timestamp":"2026-03-14T08:24:20.696545Z","level":"info","event":"Stats instance was created in PID 7 but accessed in PID 1579. Re-initializing.","logger":"airflow.stats","filename":"stats.py","lineno":57}
{"timestamp":"2026-03-14T08:24:20.994104Z","level":"info","event":"DAG bundles loaded: dags-folder, example_dags","logger":"airflow.dag_processing.bundles.manager.DagBundlesManager","filename":"manager.py","lineno":179}
{"timestamp":"2026-03-14T08:24:20.998097Z","level":"info","event":"Filling up the DagBag from /opt/airflow/dags/taxi_dag.py","logger":"airflow.models.dagbag.BundleDagBag","filename":"dagbag.py","lineno":593}
{"timestamp":"2026-03-14T08:24:21.037905Z","level":"info","event":"Task instance is in running state","logger":"task.stdout"}
{"timestamp":"2026-03-14T08:24:21.038502Z","level":"info","event":" Previous state of the Task instance: TaskInstanceState.QUEUED","logger":"task.stdout"}
{"timestamp":"2026-03-14T08:24:21.039201Z","level":"info","event":"Current task name:clean_taxi_data","logger":"task.stdout"}
{"timestamp":"2026-03-14T08:24:21.039622Z","level":"info","event":"Dag name:nyc_taxi_pipeline","logger":"task.stdout"}
{"timestamp":"2026-03-14T08:24:21.050223Z","level":"info","event":"Reading file from: /tmp/nyc_taxi_raw.csv","logger":"unusual_prefix_d702c0897371eb7d4e2d4218ec5c8f56c4a3fe1d_taxi_dag","filename":"taxi_dag.py","lineno":51}
{"timestamp":"2026-03-14T08:24:21.262099Z","level":"info","event":"Loaded 72339 rows","logger":"unusual_prefix_d702c0897371eb7d4e2d4218ec5c8f56c4a3fe1d_taxi_dag","filename":"taxi_dag.py","lineno":55}
{"timestamp":"2026-03-14T08:24:21.276128Z","level":"info","event":"Removed 89 rows by fare_amount","logger":"unusual_prefix_d702c0897371eb7d4e2d4218ec5c8f56c4a3fe1d_taxi_dag","filename":"taxi_dag.py","lineno":63}
{"timestamp":"2026-03-14T08:24:21.281769Z","level":"info","event":"Removed 499 rows by trip_distance","logger":"unusual_prefix_d702c0897371eb7d4e2d4218ec5c8f56c4a3fe1d_taxi_dag","filename":"taxi_dag.py","lineno":67}
{"timestamp":"2026-03-14T08:24:21.282116Z","level":"warning","event":"Coordinate columns not found, skipping. Available: ['vendorid', 'tpep_pickup_datetime', 'tpep_dropoff_datetime', 'passenger_count', 'trip_distance', 'ratecodeid', 'store_and_fwd_flag', 'pulocationid', 'dolocationid', 'payment_type', 'fare_amount', 'extra', 'mta_tax', 'tip_amount', 'tolls_amount', 'improvement_surcharge', 'total_amount', 'congestion_surcharge']","logger":"unusual_prefix_d702c0897371eb7d4e2d4218ec5c8f56c4a3fe1d_taxi_dag","filename":"taxi_dag.py","lineno":80}
{"timestamp":"2026-03-14T08:24:21.300779Z","level":"info","event":"Removed 0 rows by null values","logger":"unusual_prefix_d702c0897371eb7d4e2d4218ec5c8f56c4a3fe1d_taxi_dag","filename":"taxi_dag.py","lineno":84}
{"timestamp":"2026-03-14T08:24:24.674200Z","level":"info","event":"Parsed tpep_pickup_datetime as datetime","logger":"unusual_prefix_d702c0897371eb7d4e2d4218ec5c8f56c4a3fe1d_taxi_dag","filename":"taxi_dag.py","lineno":87}
{"timestamp":"2026-03-14T08:24:25.349616Z","level":"info","event":"Saved 71751 clean rows to /tmp/nyc_taxi_clean.csv","logger":"unusual_prefix_d702c0897371eb7d4e2d4218ec5c8f56c4a3fe1d_taxi_dag","filename":"taxi_dag.py","lineno":91}
{"timestamp":"2026-03-14T08:24:25.349801Z","level":"info","event":"Total removed: 588 rows","logger":"unusual_prefix_d702c0897371eb7d4e2d4218ec5c8f56c4a3fe1d_taxi_dag","filename":"taxi_dag.py","lineno":92}
{"timestamp":"2026-03-14T08:24:25.364076Z","level":"info","event":"Pushed /tmp/nyc_taxi_clean.csv to XCom","logger":"unusual_prefix_d702c0897371eb7d4e2d4218ec5c8f56c4a3fe1d_taxi_dag","filename":"taxi_dag.py","lineno":95}
{"timestamp":"2026-03-14T08:24:25.367641Z","level":"info","event":"Done. Returned value was: None","logger":"airflow.task.operators.airflow.providers.standard.operators.python.PythonOperator","filename":"python.py","lineno":230}
{"timestamp":"2026-03-14T08:24:25.387544Z","level":"info","event":"Task instance in success state","logger":"task.stdout"}
{"timestamp":"2026-03-14T08:24:25.388116Z","level":"info","event":" Previous state of the Task instance: TaskInstanceState.RUNNING","logger":"task.stdout"}
{"timestamp":"2026-03-14T08:24:25.388548Z","level":"info","event":"Task operator:<Task(PythonOperator): clean_taxi_data>","logger":"task.stdout"}
