{"timestamp":"2026-03-14T08:27:09.931901Z","level":"info","event":"Stats instance was created in PID 7 but accessed in PID 1631. Re-initializing.","logger":"airflow.stats","filename":"stats.py","lineno":57}
{"timestamp":"2026-03-14T08:27:10.270841Z","level":"info","event":"DAG bundles loaded: dags-folder, example_dags","logger":"airflow.dag_processing.bundles.manager.DagBundlesManager","filename":"manager.py","lineno":179}
{"timestamp":"2026-03-14T08:27:10.273182Z","level":"info","event":"Filling up the DagBag from /opt/airflow/dags/taxi_dag.py","logger":"airflow.models.dagbag.BundleDagBag","filename":"dagbag.py","lineno":593}
{"timestamp":"2026-03-14T08:27:10.326639Z","level":"info","event":"Task instance is in running state","logger":"task.stdout"}
{"timestamp":"2026-03-14T08:27:10.327188Z","level":"info","event":" Previous state of the Task instance: TaskInstanceState.QUEUED","logger":"task.stdout"}
{"timestamp":"2026-03-14T08:27:10.327710Z","level":"info","event":"Current task name:transform_taxi_data","logger":"task.stdout"}
{"timestamp":"2026-03-14T08:27:10.328390Z","level":"info","event":"Dag name:nyc_taxi_pipeline","logger":"task.stdout"}
{"timestamp":"2026-03-14T08:27:10.340441Z","level":"info","event":"Reading file from: /tmp/nyc_taxi_clean.csv","logger":"unusual_prefix_d702c0897371eb7d4e2d4218ec5c8f56c4a3fe1d_taxi_dag","filename":"taxi_dag.py","lineno":101}
{"timestamp":"2026-03-14T08:27:20.964869Z","level":"info","event":"Removed 0 rows with invalid datetimes","logger":"unusual_prefix_d702c0897371eb7d4e2d4218ec5c8f56c4a3fe1d_taxi_dag","filename":"taxi_dag.py","lineno":109}
{"timestamp":"2026-03-14T08:27:20.979700Z","level":"info","event":"Computed all derived features","logger":"unusual_prefix_d702c0897371eb7d4e2d4218ec5c8f56c4a3fe1d_taxi_dag","filename":"taxi_dag.py","lineno":121}
{"timestamp":"2026-03-14T08:27:21.000403Z","level":"info","event":"Removed 844 rows by speed/duration filter","logger":"unusual_prefix_d702c0897371eb7d4e2d4218ec5c8f56c4a3fe1d_taxi_dag","filename":"taxi_dag.py","lineno":125}
{"timestamp":"2026-03-14T08:27:24.023266Z","level":"info","event":"Saved 209566 rows to /tmp/nyc_taxi_transformed.csv","logger":"unusual_prefix_d702c0897371eb7d4e2d4218ec5c8f56c4a3fe1d_taxi_dag","filename":"taxi_dag.py","lineno":129}
{"timestamp":"2026-03-14T08:27:24.025125Z","level":"info","event":"trip_duration_minutes → mean=17.40, min=1.00, max=2242.73","logger":"unusual_prefix_d702c0897371eb7d4e2d4218ec5c8f56c4a3fe1d_taxi_dag","filename":"taxi_dag.py","lineno":132}
{"timestamp":"2026-03-14T08:27:24.026295Z","level":"info","event":"speed_mph → mean=11.00, min=0.00, max=78.80","logger":"unusual_prefix_d702c0897371eb7d4e2d4218ec5c8f56c4a3fe1d_taxi_dag","filename":"taxi_dag.py","lineno":132}
{"timestamp":"2026-03-14T08:27:24.027262Z","level":"info","event":"fare_per_mile → mean=6.56, min=0.00, max=5200.00","logger":"unusual_prefix_d702c0897371eb7d4e2d4218ec5c8f56c4a3fe1d_taxi_dag","filename":"taxi_dag.py","lineno":132}
{"timestamp":"2026-03-14T08:27:24.027717Z","level":"info","event":"pickup_hour → mean=9.90, min=0.00, max=23.00","logger":"unusual_prefix_d702c0897371eb7d4e2d4218ec5c8f56c4a3fe1d_taxi_dag","filename":"taxi_dag.py","lineno":132}
{"timestamp":"2026-03-14T08:27:24.028093Z","level":"info","event":"pickup_day_of_week → mean=2.91, min=0.00, max=6.00","logger":"unusual_prefix_d702c0897371eb7d4e2d4218ec5c8f56c4a3fe1d_taxi_dag","filename":"taxi_dag.py","lineno":132}
{"timestamp":"2026-03-14T08:27:24.044516Z","level":"info","event":"Pushed /tmp/nyc_taxi_transformed.csv to XCom","logger":"unusual_prefix_d702c0897371eb7d4e2d4218ec5c8f56c4a3fe1d_taxi_dag","filename":"taxi_dag.py","lineno":135}
{"timestamp":"2026-03-14T08:27:24.047342Z","level":"info","event":"Done. Returned value was: None","logger":"airflow.task.operators.airflow.providers.standard.operators.python.PythonOperator","filename":"python.py","lineno":230}
{"timestamp":"2026-03-14T08:27:24.062787Z","level":"info","event":"Task instance in success state","logger":"task.stdout"}
{"timestamp":"2026-03-14T08:27:24.064711Z","level":"info","event":" Previous state of the Task instance: TaskInstanceState.RUNNING","logger":"task.stdout"}
{"timestamp":"2026-03-14T08:27:24.066817Z","level":"info","event":"Task operator:<Task(PythonOperator): transform_taxi_data>","logger":"task.stdout"}
