{"timestamp":"2026-03-14T08:24:26.289297Z","level":"info","event":"Stats instance was created in PID 7 but accessed in PID 1588. Re-initializing.","logger":"airflow.stats","filename":"stats.py","lineno":57}
{"timestamp":"2026-03-14T08:24:26.693422Z","level":"info","event":"DAG bundles loaded: dags-folder, example_dags","logger":"airflow.dag_processing.bundles.manager.DagBundlesManager","filename":"manager.py","lineno":179}
{"timestamp":"2026-03-14T08:24:26.695113Z","level":"info","event":"Filling up the DagBag from /opt/airflow/dags/taxi_dag.py","logger":"airflow.models.dagbag.BundleDagBag","filename":"dagbag.py","lineno":593}
{"timestamp":"2026-03-14T08:24:26.742760Z","level":"info","event":"Task instance is in running state","logger":"task.stdout"}
{"timestamp":"2026-03-14T08:24:26.743356Z","level":"info","event":" Previous state of the Task instance: TaskInstanceState.QUEUED","logger":"task.stdout"}
{"timestamp":"2026-03-14T08:24:26.743885Z","level":"info","event":"Current task name:transform_taxi_data","logger":"task.stdout"}
{"timestamp":"2026-03-14T08:24:26.744296Z","level":"info","event":"Dag name:nyc_taxi_pipeline","logger":"task.stdout"}
{"timestamp":"2026-03-14T08:24:26.757306Z","level":"info","event":"Reading file from: /tmp/nyc_taxi_clean.csv","logger":"unusual_prefix_d702c0897371eb7d4e2d4218ec5c8f56c4a3fe1d_taxi_dag","filename":"taxi_dag.py","lineno":101}
{"timestamp":"2026-03-14T08:24:31.161809Z","level":"info","event":"Removed 1 rows with invalid datetimes","logger":"unusual_prefix_d702c0897371eb7d4e2d4218ec5c8f56c4a3fe1d_taxi_dag","filename":"taxi_dag.py","lineno":109}
{"timestamp":"2026-03-14T08:24:31.176667Z","level":"info","event":"Computed all derived features","logger":"unusual_prefix_d702c0897371eb7d4e2d4218ec5c8f56c4a3fe1d_taxi_dag","filename":"taxi_dag.py","lineno":121}
{"timestamp":"2026-03-14T08:24:31.184191Z","level":"info","event":"Removed 288 rows by speed/duration filter","logger":"unusual_prefix_d702c0897371eb7d4e2d4218ec5c8f56c4a3fe1d_taxi_dag","filename":"taxi_dag.py","lineno":125}
{"timestamp":"2026-03-14T08:24:32.087528Z","level":"info","event":"Saved 71462 rows to /tmp/nyc_taxi_transformed.csv","logger":"unusual_prefix_d702c0897371eb7d4e2d4218ec5c8f56c4a3fe1d_taxi_dag","filename":"taxi_dag.py","lineno":129}
{"timestamp":"2026-03-14T08:24:32.088800Z","level":"info","event":"trip_duration_minutes → mean=16.71, min=1.00, max=1439.62","logger":"unusual_prefix_d702c0897371eb7d4e2d4218ec5c8f56c4a3fe1d_taxi_dag","filename":"taxi_dag.py","lineno":132}
{"timestamp":"2026-03-14T08:24:32.089327Z","level":"info","event":"speed_mph → mean=11.36, min=0.01, max=79.41","logger":"unusual_prefix_d702c0897371eb7d4e2d4218ec5c8f56c4a3fe1d_taxi_dag","filename":"taxi_dag.py","lineno":132}
{"timestamp":"2026-03-14T08:24:32.089818Z","level":"info","event":"fare_per_mile → mean=6.15, min=0.00, max=1300.00","logger":"unusual_prefix_d702c0897371eb7d4e2d4218ec5c8f56c4a3fe1d_taxi_dag","filename":"taxi_dag.py","lineno":132}
{"timestamp":"2026-03-14T08:24:32.090737Z","level":"info","event":"pickup_hour → mean=9.78, min=0.00, max=23.00","logger":"unusual_prefix_d702c0897371eb7d4e2d4218ec5c8f56c4a3fe1d_taxi_dag","filename":"taxi_dag.py","lineno":132}
{"timestamp":"2026-03-14T08:24:32.091059Z","level":"info","event":"pickup_day_of_week → mean=2.71, min=0.00, max=4.00","logger":"unusual_prefix_d702c0897371eb7d4e2d4218ec5c8f56c4a3fe1d_taxi_dag","filename":"taxi_dag.py","lineno":132}
{"timestamp":"2026-03-14T08:24:32.114041Z","level":"info","event":"Pushed /tmp/nyc_taxi_transformed.csv to XCom","logger":"unusual_prefix_d702c0897371eb7d4e2d4218ec5c8f56c4a3fe1d_taxi_dag","filename":"taxi_dag.py","lineno":135}
{"timestamp":"2026-03-14T08:24:32.115234Z","level":"info","event":"Done. Returned value was: None","logger":"airflow.task.operators.airflow.providers.standard.operators.python.PythonOperator","filename":"python.py","lineno":230}
{"timestamp":"2026-03-14T08:24:32.129710Z","level":"info","event":"Task instance in success state","logger":"task.stdout"}
{"timestamp":"2026-03-14T08:24:32.130257Z","level":"info","event":" Previous state of the Task instance: TaskInstanceState.RUNNING","logger":"task.stdout"}
{"timestamp":"2026-03-14T08:24:32.131093Z","level":"info","event":"Task operator:<Task(PythonOperator): transform_taxi_data>","logger":"task.stdout"}
