{"timestamp":"2026-03-14T07:58:07.006792Z","level":"info","event":"Stats instance was created in PID 7 but accessed in PID 1238. Re-initializing.","logger":"airflow.stats","filename":"stats.py","lineno":57}
{"timestamp":"2026-03-14T07:58:07.545829Z","level":"info","event":"DAG bundles loaded: dags-folder, example_dags","logger":"airflow.dag_processing.bundles.manager.DagBundlesManager","filename":"manager.py","lineno":179}
{"timestamp":"2026-03-14T07:58:07.547496Z","level":"info","event":"Filling up the DagBag from /opt/airflow/dags/taxi_dag.py","logger":"airflow.models.dagbag.BundleDagBag","filename":"dagbag.py","lineno":593}
{"timestamp":"2026-03-14T07:58:07.583526Z","level":"info","event":"Task instance is in running state","logger":"task.stdout"}
{"timestamp":"2026-03-14T07:58:07.584019Z","level":"info","event":" Previous state of the Task instance: TaskInstanceState.QUEUED","logger":"task.stdout"}
{"timestamp":"2026-03-14T07:58:07.584256Z","level":"info","event":"Current task name:transform_taxi_data","logger":"task.stdout"}
{"timestamp":"2026-03-14T07:58:07.584517Z","level":"info","event":"Dag name:nyc_taxi_pipeline","logger":"task.stdout"}
{"timestamp":"2026-03-14T07:58:07.599677Z","level":"info","event":"Reading file from: /tmp/nyc_taxi_clean.csv","logger":"unusual_prefix_d702c0897371eb7d4e2d4218ec5c8f56c4a3fe1d_taxi_dag","filename":"taxi_dag.py","lineno":95}
{"timestamp":"2026-03-14T07:58:47.940226Z","level":"info","event":"Computed all derived features","logger":"unusual_prefix_d702c0897371eb7d4e2d4218ec5c8f56c4a3fe1d_taxi_dag","filename":"taxi_dag.py","lineno":116}
{"timestamp":"2026-03-14T07:58:48.098283Z","level":"info","event":"Removed 3172 rows by speed/duration filter","logger":"unusual_prefix_d702c0897371eb7d4e2d4218ec5c8f56c4a3fe1d_taxi_dag","filename":"taxi_dag.py","lineno":121}
{"timestamp":"2026-03-14T07:59:01.398476Z","level":"info","event":"Saved 923401 rows to /tmp/nyc_taxi_transformed.csv","logger":"unusual_prefix_d702c0897371eb7d4e2d4218ec5c8f56c4a3fe1d_taxi_dag","filename":"taxi_dag.py","lineno":126}
{"timestamp":"2026-03-14T07:59:01.402020Z","level":"info","event":"trip_duration_minutes → mean=17.91, min=1.00, max=1439.92","logger":"unusual_prefix_d702c0897371eb7d4e2d4218ec5c8f56c4a3fe1d_taxi_dag","filename":"taxi_dag.py","lineno":130}
{"timestamp":"2026-03-14T07:59:01.405237Z","level":"info","event":"speed_mph → mean=11.16, min=0.00, max=79.58","logger":"unusual_prefix_d702c0897371eb7d4e2d4218ec5c8f56c4a3fe1d_taxi_dag","filename":"taxi_dag.py","lineno":130}
{"timestamp":"2026-03-14T07:59:01.408267Z","level":"info","event":"fare_per_mile → mean=6.27, min=0.00, max=7500.00","logger":"unusual_prefix_d702c0897371eb7d4e2d4218ec5c8f56c4a3fe1d_taxi_dag","filename":"taxi_dag.py","lineno":130}
{"timestamp":"2026-03-14T07:59:01.409400Z","level":"info","event":"pickup_hour → mean=14.43, min=0.00, max=23.00","logger":"unusual_prefix_d702c0897371eb7d4e2d4218ec5c8f56c4a3fe1d_taxi_dag","filename":"taxi_dag.py","lineno":130}
{"timestamp":"2026-03-14T07:59:01.410369Z","level":"info","event":"pickup_day_of_week → mean=1.58, min=0.00, max=6.00","logger":"unusual_prefix_d702c0897371eb7d4e2d4218ec5c8f56c4a3fe1d_taxi_dag","filename":"taxi_dag.py","lineno":130}
{"timestamp":"2026-03-14T07:59:01.424124Z","level":"info","event":"Pushed /tmp/nyc_taxi_transformed.csv to XCom","logger":"unusual_prefix_d702c0897371eb7d4e2d4218ec5c8f56c4a3fe1d_taxi_dag","filename":"taxi_dag.py","lineno":133}
{"timestamp":"2026-03-14T07:59:01.427880Z","level":"info","event":"Done. Returned value was: None","logger":"airflow.task.operators.airflow.providers.standard.operators.python.PythonOperator","filename":"python.py","lineno":230}
{"timestamp":"2026-03-14T07:59:01.442116Z","level":"info","event":"Task instance in success state","logger":"task.stdout"}
{"timestamp":"2026-03-14T07:59:01.443103Z","level":"info","event":" Previous state of the Task instance: TaskInstanceState.RUNNING","logger":"task.stdout"}
{"timestamp":"2026-03-14T07:59:01.443826Z","level":"info","event":"Task operator:<Task(PythonOperator): transform_taxi_data>","logger":"task.stdout"}
