{"timestamp":"2026-03-14T08:54:31.326980Z","level":"info","event":"Stats instance was created in PID 7 but accessed in PID 1970. Re-initializing.","logger":"airflow.stats","filename":"stats.py","lineno":57}
{"timestamp":"2026-03-14T08:54:31.693818Z","level":"info","event":"DAG bundles loaded: dags-folder, example_dags","logger":"airflow.dag_processing.bundles.manager.DagBundlesManager","filename":"manager.py","lineno":179}
{"timestamp":"2026-03-14T08:54:31.697236Z","level":"info","event":"Filling up the DagBag from /opt/airflow/dags/taxi_dag.py","logger":"airflow.models.dagbag.BundleDagBag","filename":"dagbag.py","lineno":593}
{"timestamp":"2026-03-14T08:54:31.759071Z","level":"info","event":"Task instance is in running state","logger":"task.stdout"}
{"timestamp":"2026-03-14T08:54:31.763500Z","level":"info","event":" Previous state of the Task instance: TaskInstanceState.QUEUED","logger":"task.stdout"}
{"timestamp":"2026-03-14T08:54:31.774346Z","level":"info","event":"Current task name:clean_taxi_data","logger":"task.stdout"}
{"timestamp":"2026-03-14T08:54:31.780354Z","level":"info","event":"Dag name:nyc_taxi_pipeline","logger":"task.stdout"}
{"timestamp":"2026-03-14T08:54:31.806317Z","level":"info","event":"Reading file from: /tmp/nyc_taxi_raw.csv","logger":"unusual_prefix_d702c0897371eb7d4e2d4218ec5c8f56c4a3fe1d_taxi_dag","filename":"taxi_dag.py","lineno":51}
{"timestamp":"2026-03-14T08:54:31.839336Z","level":"info","event":"Loaded 5000 rows","logger":"unusual_prefix_d702c0897371eb7d4e2d4218ec5c8f56c4a3fe1d_taxi_dag","filename":"taxi_dag.py","lineno":55}
{"timestamp":"2026-03-14T08:54:31.854129Z","level":"info","event":"Removed 10 rows by fare_amount","logger":"unusual_prefix_d702c0897371eb7d4e2d4218ec5c8f56c4a3fe1d_taxi_dag","filename":"taxi_dag.py","lineno":63}
{"timestamp":"2026-03-14T08:54:31.856428Z","level":"info","event":"Removed 34 rows by trip_distance","logger":"unusual_prefix_d702c0897371eb7d4e2d4218ec5c8f56c4a3fe1d_taxi_dag","filename":"taxi_dag.py","lineno":67}
{"timestamp":"2026-03-14T08:54:31.856892Z","level":"warning","event":"Coordinate columns not found, skipping. Available: ['vendorid', 'tpep_pickup_datetime', 'tpep_dropoff_datetime', 'passenger_count', 'trip_distance', 'ratecodeid', 'store_and_fwd_flag', 'pulocationid', 'dolocationid', 'payment_type', 'fare_amount', 'extra', 'mta_tax', 'tip_amount', 'tolls_amount', 'improvement_surcharge', 'total_amount', 'congestion_surcharge']","logger":"unusual_prefix_d702c0897371eb7d4e2d4218ec5c8f56c4a3fe1d_taxi_dag","filename":"taxi_dag.py","lineno":80}
{"timestamp":"2026-03-14T08:54:31.866522Z","level":"info","event":"Removed 0 rows by null values","logger":"unusual_prefix_d702c0897371eb7d4e2d4218ec5c8f56c4a3fe1d_taxi_dag","filename":"taxi_dag.py","lineno":84}
{"timestamp":"2026-03-14T08:54:31.886591Z","level":"info","event":"Parsed tpep_pickup_datetime as datetime","logger":"unusual_prefix_d702c0897371eb7d4e2d4218ec5c8f56c4a3fe1d_taxi_dag","filename":"taxi_dag.py","lineno":87}
{"timestamp":"2026-03-14T08:54:31.948266Z","level":"info","event":"Saved 4956 clean rows to /tmp/nyc_taxi_clean.csv","logger":"unusual_prefix_d702c0897371eb7d4e2d4218ec5c8f56c4a3fe1d_taxi_dag","filename":"taxi_dag.py","lineno":91}
{"timestamp":"2026-03-14T08:54:31.948514Z","level":"info","event":"Total removed: 44 rows","logger":"unusual_prefix_d702c0897371eb7d4e2d4218ec5c8f56c4a3fe1d_taxi_dag","filename":"taxi_dag.py","lineno":92}
{"timestamp":"2026-03-14T08:54:31.964151Z","level":"info","event":"Pushed /tmp/nyc_taxi_clean.csv to XCom","logger":"unusual_prefix_d702c0897371eb7d4e2d4218ec5c8f56c4a3fe1d_taxi_dag","filename":"taxi_dag.py","lineno":95}
{"timestamp":"2026-03-14T08:54:31.964563Z","level":"info","event":"Done. Returned value was: None","logger":"airflow.task.operators.airflow.providers.standard.operators.python.PythonOperator","filename":"python.py","lineno":230}
{"timestamp":"2026-03-14T08:54:31.983370Z","level":"info","event":"Task instance in success state","logger":"task.stdout"}
{"timestamp":"2026-03-14T08:54:31.983911Z","level":"info","event":" Previous state of the Task instance: TaskInstanceState.RUNNING","logger":"task.stdout"}
{"timestamp":"2026-03-14T08:54:31.984492Z","level":"info","event":"Task operator:<Task(PythonOperator): clean_taxi_data>","logger":"task.stdout"}
