{"timestamp":"2026-03-14T08:08:46.244283Z","level":"info","event":"Stats instance was created in PID 7 but accessed in PID 1404. Re-initializing.","logger":"airflow.stats","filename":"stats.py","lineno":57}
{"timestamp":"2026-03-14T08:08:46.813575Z","level":"info","event":"DAG bundles loaded: dags-folder, example_dags","logger":"airflow.dag_processing.bundles.manager.DagBundlesManager","filename":"manager.py","lineno":179}
{"timestamp":"2026-03-14T08:08:46.815333Z","level":"info","event":"Filling up the DagBag from /opt/airflow/dags/taxi_dag.py","logger":"airflow.models.dagbag.BundleDagBag","filename":"dagbag.py","lineno":593}
{"timestamp":"2026-03-14T08:08:46.848136Z","level":"info","event":"Task instance is in running state","logger":"task.stdout"}
{"timestamp":"2026-03-14T08:08:46.848959Z","level":"info","event":" Previous state of the Task instance: TaskInstanceState.QUEUED","logger":"task.stdout"}
{"timestamp":"2026-03-14T08:08:46.851005Z","level":"info","event":"Current task name:transform_taxi_data","logger":"task.stdout"}
{"timestamp":"2026-03-14T08:08:46.851587Z","level":"info","event":"Dag name:nyc_taxi_pipeline","logger":"task.stdout"}
{"timestamp":"2026-03-14T08:08:46.859217Z","level":"info","event":"Reading file from: /tmp/nyc_taxi_clean.csv","logger":"unusual_prefix_d702c0897371eb7d4e2d4218ec5c8f56c4a3fe1d_taxi_dag","filename":"taxi_dag.py","lineno":97}
{"timestamp":"2026-03-14T08:09:24.738053Z","level":"info","event":"Removed 0 rows with invalid datetimes","logger":"unusual_prefix_d702c0897371eb7d4e2d4218ec5c8f56c4a3fe1d_taxi_dag","filename":"taxi_dag.py","lineno":105}
{"timestamp":"2026-03-14T08:09:24.796091Z","level":"info","event":"Computed all derived features","logger":"unusual_prefix_d702c0897371eb7d4e2d4218ec5c8f56c4a3fe1d_taxi_dag","filename":"taxi_dag.py","lineno":117}
{"timestamp":"2026-03-14T08:09:24.923976Z","level":"info","event":"Removed 2900 rows by speed/duration filter","logger":"unusual_prefix_d702c0897371eb7d4e2d4218ec5c8f56c4a3fe1d_taxi_dag","filename":"taxi_dag.py","lineno":121}
{"timestamp":"2026-03-14T08:09:34.718688Z","level":"info","event":"Saved 830881 rows to /tmp/nyc_taxi_transformed.csv","logger":"unusual_prefix_d702c0897371eb7d4e2d4218ec5c8f56c4a3fe1d_taxi_dag","filename":"taxi_dag.py","lineno":125}
{"timestamp":"2026-03-14T08:09:34.723946Z","level":"info","event":"trip_duration_minutes → mean=19.70, min=1.00, max=1439.90","logger":"unusual_prefix_d702c0897371eb7d4e2d4218ec5c8f56c4a3fe1d_taxi_dag","filename":"taxi_dag.py","lineno":128}
{"timestamp":"2026-03-14T08:09:34.727947Z","level":"info","event":"speed_mph → mean=11.02, min=0.00, max=78.93","logger":"unusual_prefix_d702c0897371eb7d4e2d4218ec5c8f56c4a3fe1d_taxi_dag","filename":"taxi_dag.py","lineno":128}
{"timestamp":"2026-03-14T08:09:34.731481Z","level":"info","event":"fare_per_mile → mean=6.60, min=0.00, max=12000.00","logger":"unusual_prefix_d702c0897371eb7d4e2d4218ec5c8f56c4a3fe1d_taxi_dag","filename":"taxi_dag.py","lineno":128}
{"timestamp":"2026-03-14T08:09:34.734916Z","level":"info","event":"pickup_hour → mean=14.06, min=0.00, max=23.00","logger":"unusual_prefix_d702c0897371eb7d4e2d4218ec5c8f56c4a3fe1d_taxi_dag","filename":"taxi_dag.py","lineno":128}
{"timestamp":"2026-03-14T08:09:34.736538Z","level":"info","event":"pickup_day_of_week → mean=2.87, min=0.00, max=6.00","logger":"unusual_prefix_d702c0897371eb7d4e2d4218ec5c8f56c4a3fe1d_taxi_dag","filename":"taxi_dag.py","lineno":128}
{"timestamp":"2026-03-14T08:09:34.751126Z","level":"info","event":"Pushed /tmp/nyc_taxi_transformed.csv to XCom","logger":"unusual_prefix_d702c0897371eb7d4e2d4218ec5c8f56c4a3fe1d_taxi_dag","filename":"taxi_dag.py","lineno":131}
{"timestamp":"2026-03-14T08:09:34.756548Z","level":"info","event":"Done. Returned value was: None","logger":"airflow.task.operators.airflow.providers.standard.operators.python.PythonOperator","filename":"python.py","lineno":230}
{"timestamp":"2026-03-14T08:09:34.772113Z","level":"info","event":"Task instance in success state","logger":"task.stdout"}
{"timestamp":"2026-03-14T08:09:34.772599Z","level":"info","event":" Previous state of the Task instance: TaskInstanceState.RUNNING","logger":"task.stdout"}
{"timestamp":"2026-03-14T08:09:34.773347Z","level":"info","event":"Task operator:<Task(PythonOperator): transform_taxi_data>","logger":"task.stdout"}
